[2026-06-21 21:23:07 UTC] vlib work && vlog '-timescale' '1ns/1ns' +incdir+$RIVIERA_HOME/vlib/uvm-1.2/src -l uvm_1_2 -err VCP2947 W9 -err VCP2974 W9 -err VCP3003 W9 -err VCP5417 W9 -err VCP6120 W9 -err VCP7862 W9 -err VCP2129 W9 design.sv testbench.sv  && vsim -c -do "vsim +access+r +UVM_TESTNAME=aes_directed_test; run -all; exit"  
VSIMSA: Configuration file changed: `/home/runner/library.cfg'
ALIB: Library "work" attached.
work = ./work/work.lib
MESSAGE_SP VCP2124 "Package uvm_pkg found in library uvm_1_2."
MESSAGE "Unit top modules: aes128_uvm_tb."
SUCCESS "Compile success 0 Errors 0 Warnings  Analysis time: 7[s]."
done
# Aldec, Inc. Riviera-PRO version 2025.04.139.9738 built for Linux64 on May 30, 2025.
# HDL, SystemC, and Assertions simulator, debugger, and design environment.
# (c) 1999-2025 Aldec, Inc. All rights reserved.
# ELBREAD: Elaboration process.
# ELBREAD: Warning: ELBREAD_0049 The "uvm_pkg" design unit does not have a time unit/precision defined but other design units do.
# ELBREAD: Elaboration time 0.7 [s].
# KERNEL: Main thread initiated.
# KERNEL: Kernel process initialization phase.
# ELAB2: Elaboration final pass...
# KERNEL: PLI/VHPI kernel's engine initialization done.
# PLI: Loading library '/usr/share/Riviera-PRO/bin/libsystf.so'
# ELAB2: Create instances ...
# KERNEL: Info: Loading library:  /usr/share/Riviera-PRO/bin/uvm_1_2_dpi
# KERNEL: Time resolution set to 1ps.
# ELAB2: Create instances complete.
# SLP: Started
# SLP: Elaboration phase ...
# SLP: Elaboration phase ... done : 0.1 [s]
# SLP: Generation phase ...
# SLP: Generation phase ... done : 0.1 [s]
# SLP: Finished : 0.2 [s]
# SLP: 0 primitives and 36 (87.80%) other processes in SLP
# SLP: 108 (0.36%) signals in SLP and 19 (0.06%) interface signals
# ELAB2: Elaboration final pass complete - time: 2.6 [s].
# KERNEL: SLP loading done - time: 0.0 [s].
# KERNEL: Warning: You are using the Riviera-PRO EDU Edition. The performance of simulation is reduced.
# KERNEL: Warning: Contact Aldec for available upgrade options - sales@aldec.com.
# KERNEL: SLP simulation initialization done - time: 0.0 [s].
# KERNEL: Kernel process initialization done.
# Allocation: Simulator allocated 29256 kB (elbread=2103 elab2=22386 kernel=4767 sdf=0)
# KERNEL: UVM_INFO ./uvm-1.2/src/base/uvm_root.svh(392) @ 0: reporter [UVM/RELNOTES] 
# KERNEL: ----------------------------------------------------------------
# KERNEL: UVM-1.2
# KERNEL: (C) 2007-2014 Mentor Graphics Corporation
# KERNEL: (C) 2007-2014 Cadence Design Systems, Inc.
# KERNEL: (C) 2006-2014 Synopsys, Inc.
# KERNEL: (C) 2011-2013 Cypress Semiconductor Corp.
# KERNEL: (C) 2013-2014 NVIDIA Corporation
# KERNEL: ----------------------------------------------------------------
# KERNEL: 
# KERNEL:   ***********       IMPORTANT RELEASE NOTES         ************
# KERNEL: 
# KERNEL:   You are using a version of the UVM library that has been compiled
# KERNEL:   with `UVM_NO_DEPRECATED undefined.
# KERNEL:   See http://www.eda.org/svdb/view.php?id=3313 for more details.
# KERNEL: 
# KERNEL:   You are using a version of the UVM library that has been compiled
# KERNEL:   with `UVM_OBJECT_DO_NOT_NEED_CONSTRUCTOR undefined.
# KERNEL:   See http://www.eda.org/svdb/view.php?id=3770 for more details.
# KERNEL: 
# KERNEL:       (Specify +UVM_NO_RELNOTES to turn off this notice)
# KERNEL: 
# KERNEL: ASDB file was created in location /home/runner/dataset.asdb
# KERNEL: UVM_INFO @ 0: reporter [RNTST] Running test aes_directed_test...
# KERNEL: UVM_INFO /home/runner/testbench.sv(275) @ 145000: uvm_test_top.env.scoreboard [SCB] PASS cipher=66e94bd4ef8a2c3b884cfa59ca342b2e
# KERNEL: UVM_INFO /home/runner/testbench.sv(275) @ 275000: uvm_test_top.env.scoreboard [SCB] PASS cipher=bcbf217cb280cf30b2517052193ab979
# KERNEL: UVM_INFO /home/runner/testbench.sv(275) @ 405000: uvm_test_top.env.scoreboard [SCB] PASS cipher=69c4e0d86a7b0430d8cdb78070b4c55a
# KERNEL: UVM_INFO /home/runner/testbench.sv(275) @ 535000: uvm_test_top.env.scoreboard [SCB] PASS cipher=3ad77bb40d7a3660a89ecaf32466ef97
# KERNEL: UVM_INFO /home/runner/testbench.sv(275) @ 665000: uvm_test_top.env.scoreboard [SCB] PASS cipher=f5d3d58503b9699de785895a96fdbaaf
# KERNEL: UVM_INFO ./uvm-1.2/src/base/uvm_objection.svh(1271) @ 665000: reporter [TEST_DONE] 'run' phase is ready to proceed to the 'extract' phase
# KERNEL: UVM_INFO /home/runner/testbench.sv(286) @ 665000: uvm_test_top.env.scoreboard [SCB] DONE: 5 passed, 0 failed
# KERNEL: UVM_INFO ./uvm-1.2/src/base/uvm_report_server.svh(869) @ 665000: reporter [UVM/REPORT/SERVER] 
# KERNEL: --- UVM Report Summary ---
# KERNEL: 
# KERNEL: ** Report counts by severity
# KERNEL: UVM_INFO :    9
# KERNEL: UVM_WARNING :    0
# KERNEL: UVM_ERROR :    0
# KERNEL: UVM_FATAL :    0
# KERNEL: ** Report counts by id
# KERNEL: [RNTST]     1
# KERNEL: [SCB]     6
# KERNEL: [TEST_DONE]     1
# KERNEL: [UVM/RELNOTES]     1
# KERNEL: 
# RUNTIME: Info: RUNTIME_0068 uvm_root.svh (521): $finish called.
# KERNEL: Time: 665 ns,  Iteration: 62,  Instance: /aes128_uvm_tb,  Process: @INITIAL#443_2@.
# KERNEL: stopped at time: 665 ns
# VSIM: Simulation has finished. There are no more test vectors to simulate.
# VSIM: Simulation has finished.
Done